<?xml version="1.0" encoding="UTF-8"?>
<!-- Generated by org.testng.reporters.JUnitReportReporter -->
<testsuite hostname="LAPTOP-DTIL5QAT" failures="0" tests="4" name="Practice.AppiumFramework.TC_01" time="83.878" errors="0" timestamp="2020-12-24T20:04:06 IST" skipped="3">
  <testcase classname="Practice.AppiumFramework.TC_01" name="testcase4" time="83.878"/>
  <system-out/>
  <testcase classname="Practice.AppiumFramework.TC_01" name="testcase1">
    <skipped/>
  </testcase> <!-- testcase1 -->
  <system-out/>
  <testcase classname="Practice.AppiumFramework.TC_01" name="testcase3">
    <skipped/>
  </testcase> <!-- testcase3 -->
  <system-out/>
  <testcase classname="Practice.AppiumFramework.TC_01" name="testcase2">
    <skipped/>
  </testcase> <!-- testcase2 -->
  <system-out/>
</testsuite> <!-- Practice.AppiumFramework.TC_01 -->
